Fri Jul 19 20:13:35 2024       
+-----------------------------------------------------------------------------------------+
| NVIDIA-SMI 550.54.15              Driver Version: 550.54.15      CUDA Version: 12.4     |
|-----------------------------------------+------------------------+----------------------+
| GPU  Name                 Persistence-M | Bus-Id          Disp.A | Volatile Uncorr. ECC |
| Fan  Temp   Perf          Pwr:Usage/Cap |           Memory-Usage | GPU-Util  Compute M. |
|                                         |                        |               MIG M. |
|=========================================+========================+======================|
|   0  Tesla P100-PCIE-12GB           On  |   00000000:04:00.0 Off |                    0 |
| N/A   32C    P0             25W /  250W |       0MiB /  12288MiB |      0%      Default |
|                                         |                        |                  N/A |
+-----------------------------------------+------------------------+----------------------+
                                                                                         
+-----------------------------------------------------------------------------------------+
| Processes:                                                                              |
|  GPU   GI   CI        PID   Type   Process name                              GPU Memory |
|        ID   ID                                                               Usage      |
|=========================================================================================|
|  No running processes found                                                             |
+-----------------------------------------------------------------------------------------+
[I 2024-07-19 20:14:58,332] A new study created in memory with name: no-name-ae7bd914-d207-4d75-8da7-da1032ad017d
[W 2024-07-19 20:44:33,862] Trial 0 failed with parameters: {} because of the following error: The value nan is not acceptable.
[W 2024-07-19 20:44:33,882] Trial 0 failed with value nan.
slurmstepd: error: *** JOB 37195815 ON cdr250 CANCELLED AT 2024-07-19T20:57:40 ***
