Sat Jul 20 23:14:23 2024       
+-----------------------------------------------------------------------------------------+
| NVIDIA-SMI 550.54.15              Driver Version: 550.54.15      CUDA Version: 12.4     |
|-----------------------------------------+------------------------+----------------------+
| GPU  Name                 Persistence-M | Bus-Id          Disp.A | Volatile Uncorr. ECC |
| Fan  Temp   Perf          Pwr:Usage/Cap |           Memory-Usage | GPU-Util  Compute M. |
|                                         |                        |               MIG M. |
|=========================================+========================+======================|
|   0  Tesla P100-PCIE-12GB           On  |   00000000:82:00.0 Off |                    0 |
| N/A   41C    P0             26W /  250W |       0MiB /  12288MiB |      0%      Default |
|                                         |                        |                  N/A |
+-----------------------------------------+------------------------+----------------------+
                                                                                         
+-----------------------------------------------------------------------------------------+
| Processes:                                                                              |
|  GPU   GI   CI        PID   Type   Process name                              GPU Memory |
|        ID   ID                                                               Usage      |
|=========================================================================================|
|  No running processes found                                                             |
+-----------------------------------------------------------------------------------------+
[I 2024-07-20 23:15:36,470] A new study created in memory with name: no-name-aa9db36c-ebb5-40c0-bc7e-84a452772378
[W 2024-07-20 23:15:44,222] Trial 0 failed with parameters: {} because of the following error: AttributeError("'numpy.float64' object has no attribute 'backward'").
Traceback (most recent call last):
  File "/home/maruko/.local/lib/python3.11/site-packages/optuna/study/_optimize.py", line 200, in _run_trial
    value_or_values = func(trial)
                      ^^^^^^^^^^^
  File "/project/6002612/maruko/seaiceClass/RiverIceProj/main.py", line 241, in objective
    mean_train_loss, mean_train_acc, mean_train_f1, mean_val_loss, mean_val_acc, mean_val_f1 = cross_validation(path)
                                                                                               ^^^^^^^^^^^^^^^^^^^^^^
  File "/project/6002612/maruko/seaiceClass/RiverIceProj/main.py", line 131, in cross_validation
    train_loss.backward()
    ^^^^^^^^^^^^^^^^^^^
AttributeError: 'numpy.float64' object has no attribute 'backward'
[W 2024-07-20 23:15:44,222] Trial 0 failed with value None.
Traceback (most recent call last):
  File "/project/6002612/maruko/seaiceClass/RiverIceProj/main.py", line 308, in <module>
    study.optimize(objective, n_trials=100)
  File "/home/maruko/.local/lib/python3.11/site-packages/optuna/study/study.py", line 451, in optimize
    _optimize(
  File "/home/maruko/.local/lib/python3.11/site-packages/optuna/study/_optimize.py", line 66, in _optimize
    _optimize_sequential(
  File "/home/maruko/.local/lib/python3.11/site-packages/optuna/study/_optimize.py", line 163, in _optimize_sequential
    frozen_trial = _run_trial(study, func, catch)
                   ^^^^^^^^^^^^^^^^^^^^^^^^^^^^^^
  File "/home/maruko/.local/lib/python3.11/site-packages/optuna/study/_optimize.py", line 251, in _run_trial
    raise func_err
  File "/home/maruko/.local/lib/python3.11/site-packages/optuna/study/_optimize.py", line 200, in _run_trial
    value_or_values = func(trial)
                      ^^^^^^^^^^^
  File "/project/6002612/maruko/seaiceClass/RiverIceProj/main.py", line 241, in objective
    mean_train_loss, mean_train_acc, mean_train_f1, mean_val_loss, mean_val_acc, mean_val_f1 = cross_validation(path)
                                                                                               ^^^^^^^^^^^^^^^^^^^^^^
  File "/project/6002612/maruko/seaiceClass/RiverIceProj/main.py", line 131, in cross_validation
    train_loss.backward()
    ^^^^^^^^^^^^^^^^^^^
AttributeError: 'numpy.float64' object has no attribute 'backward'
