Lmod has detected the following error: These module(s) or extension(s) exist
but cannot be loaded as requested: "cuda", "flexiblas", "opencv"
   Try: "module spider cuda flexiblas opencv" to see how to load the module(s).



Thu Jul 18 13:08:04 2024       
+-----------------------------------------------------------------------------------------+
| NVIDIA-SMI 550.54.15              Driver Version: 550.54.15      CUDA Version: 12.4     |
|-----------------------------------------+------------------------+----------------------+
| GPU  Name                 Persistence-M | Bus-Id          Disp.A | Volatile Uncorr. ECC |
| Fan  Temp   Perf          Pwr:Usage/Cap |           Memory-Usage | GPU-Util  Compute M. |
|                                         |                        |               MIG M. |
|=========================================+========================+======================|
|   0  Tesla V100-SXM2-32GB           On  |   00000000:86:00.0 Off |                    0 |
| N/A   36C    P0             41W /  300W |       0MiB /  32768MiB |      0%      Default |
|                                         |                        |                  N/A |
+-----------------------------------------+------------------------+----------------------+
                                                                                         
+-----------------------------------------------------------------------------------------+
| Processes:                                                                              |
|  GPU   GI   CI        PID   Type   Process name                              GPU Memory |
|        ID   ID                                                               Usage      |
|=========================================================================================|
|  No running processes found                                                             |
+-----------------------------------------------------------------------------------------+
Error processing line 1 of /scratch/maruko/virenv/lib/python3.11/site-packages/_virtualenv.pth:

  Traceback (most recent call last):
    File "<frozen site>", line 186, in addpackage
    File "<string>", line 1, in <module>
  ModuleNotFoundError: No module named '_virtualenv'

Remainder of file ignored
Error processing line 1 of /scratch/maruko/virenv/lib/python3.11/site-packages/distutils-precedence.pth:

  Traceback (most recent call last):
    File "<frozen site>", line 186, in addpackage
    File "<string>", line 1, in <module>
  AttributeError: module '_distutils_hack' has no attribute 'add_shim'

Remainder of file ignored
Error processing line 1 of /scratch/maruko/virenv/lib/python3.11/site-packages/_virtualenv.pth:

  Traceback (most recent call last):
    File "<frozen site>", line 186, in addpackage
    File "<string>", line 1, in <module>
  ModuleNotFoundError: No module named '_virtualenv'

Remainder of file ignored
Error processing line 1 of /scratch/maruko/virenv/lib/python3.11/site-packages/distutils-precedence.pth:

  Traceback (most recent call last):
    File "<frozen site>", line 186, in addpackage
    File "<string>", line 1, in <module>
  AttributeError: module '_distutils_hack' has no attribute 'add_shim'

Remainder of file ignored
Traceback (most recent call last):
  File "/project/6002612/maruko/seaiceClass/RiverIceProj/main.py", line 3, in <module>
    import pandas as pd
  File "/scratch/maruko/virenv/lib/python3.11/site-packages/pandas/__init__.py", line 26, in <module>
    from pandas.compat import (
  File "/scratch/maruko/virenv/lib/python3.11/site-packages/pandas/compat/__init__.py", line 26, in <module>
    from pandas.compat.numpy import is_numpy_dev
  File "/scratch/maruko/virenv/lib/python3.11/site-packages/pandas/compat/numpy/__init__.py", line 9, in <module>
    _np_version = np.__version__
                  ^^^^^^^^^^^^^^
AttributeError: module 'numpy' has no attribute '__version__'
